<?xml version="1.0" encoding="UTF-8"?>
<!-- Generated by org.testng.reporters.JUnitXMLReporter -->
<testsuite ignored="0" hostname="RANVEET" failures="1" tests="1" name="Regression Tests" time="6.062" errors="0" timestamp="2025-12-13T17:39:37 IST">
  <testcase classname="tests.CartTest" name="addRemoveProducts_cartCountAndTotal_shouldUpdate" time="1.715">
    <failure type="java.lang.AssertionError" message="Intentional failure to test screenshot expected [2] but found [1]">
      <![CDATA[java.lang.AssertionError: Intentional failure to test screenshot expected [2] but found [1]
at tests.CartTest.addRemoveProducts_cartCountAndTotal_shouldUpdate(CartTest.java:68)
at java.base/java.util.ArrayList.forEach(ArrayList.java:1596)
... Removed 31 stack frames]]>
    </failure>
  </testcase> <!-- addRemoveProducts_cartCountAndTotal_shouldUpdate -->
</testsuite> <!-- Regression Tests -->
