<?xml version="1.0" encoding="UTF-8"?>
<!-- Generated by org.testng.reporters.JUnitXMLReporter -->
<testsuite ignored="0" hostname="RANVEET" failures="0" tests="3" name="Default test" time="4.521" errors="0" timestamp="2026-01-03T18:56:55 IST">
  <testcase classname="api.tests.DataDrivenLoginTest" name="loginApi_shouldReturnExpectedStatus" time="2.854"/>
  <testcase classname="api.tests.DataDrivenLoginTest" name="loginApi_shouldReturnExpectedStatus" time="0.587"/>
  <testcase classname="api.tests.DataDrivenLoginTest" name="loginApi_shouldReturnExpectedStatus" time="0.98"/>
</testsuite> <!-- Default test -->
