<?xml version="1.0" encoding="UTF-8"?>
<testng-results ignored="0" total="1" passed="1" failed="0" skipped="0">
  <reporter-output>
  </reporter-output>
  <suite started-at="2025-12-29T19:44:48 IST" name="Default suite" finished-at="2025-12-29T19:44:52 IST" duration-ms="3108">
    <groups>
    </groups>
    <test started-at="2025-12-29T19:44:48 IST" name="Default test" finished-at="2025-12-29T19:44:52 IST" duration-ms="3108">
      <class name="api.CreateUserTest">
        <test-method signature="createUser_postRequest()[pri:0, instance:api.CreateUserTest@38425407]" started-at="2025-12-29T19:44:48 IST" name="createUser_postRequest" finished-at="2025-12-29T19:44:52 IST" duration-ms="3068" status="PASS">
          <reporter-output>
          </reporter-output>
        </test-method> <!-- createUser_postRequest -->
      </class> <!-- api.CreateUserTest -->
    </test> <!-- Default test -->
  </suite> <!-- Default suite -->
</testng-results>
