<?xml version="1.0" encoding="UTF-8"?>
<!-- Generated by org.testng.reporters.JUnitReportReporter -->
<testsuite hostname="RANVEET" failures="0" tests="2" name="api.tests.NegativeAuthTest" time="70.061" errors="0" timestamp="2026-01-03T18:50:58 IST" skipped="0">
  <testcase classname="api.tests.NegativeAuthTest" name="getProfile_withoutToken_shouldReturn403" time="23.820"/>
  <testcase classname="api.tests.NegativeAuthTest" name="getProfile_withoutToken_shouldReturn401" time="46.241"/>
</testsuite> <!-- api.tests.NegativeAuthTest -->
