<?xml version="1.0" encoding="UTF-8"?>
<!-- Generated by org.testng.reporters.JUnitReportReporter -->
<testsuite hostname="RANVEET" failures="0" tests="3" name="api.tests.DataDrivenLoginTest" time="4.421" errors="0" timestamp="2026-01-03T18:56:55 IST" skipped="0">
  <testcase classname="api.tests.DataDrivenLoginTest" name="loginApi_shouldReturnExpectedStatus" time="0.980"/>
  <testcase classname="api.tests.DataDrivenLoginTest" name="loginApi_shouldReturnExpectedStatus" time="2.854"/>
  <testcase classname="api.tests.DataDrivenLoginTest" name="loginApi_shouldReturnExpectedStatus" time="0.587"/>
</testsuite> <!-- api.tests.DataDrivenLoginTest -->
